Configuring primes-0.2.1.0...
Preprocessing library for primes-0.2.1.0..
Building library for primes-0.2.1.0..
[1 of 1] Compiling Data.Numbers.Primes

Data/Numbers/Primes.hs:49:8: warning: [-Wincomplete-uni-patterns]
    Pattern match(es) are non-exhaustive
    In a pattern binding:
        Patterns of type ‘([int], [int])’ not matched:
            ([], [])
            ([], (_:_))
   |
49 |  where (p:ps,ns) = wheel k
   |        ^^^^^^^^^^^^^^^^^^^

Data/Numbers/Primes.hs:132:8: warning: [-Wincomplete-uni-patterns]
    Pattern match(es) are non-exhaustive
    In a pattern binding:
        Patterns of type ‘([int], Queue int)’ not matched:
            ([], Empty)
            ([], (Fork _ _))
    |
132 |  where (z:zs,queue') = dequeue queue
    |        ^^^^^^^^^^^^^^^^^^^^^^^^^^^^^

Data/Numbers/Primes.hs:196:8: warning: [-Wincomplete-uni-patterns]
    Pattern match(es) are non-exhaustive
    In a pattern binding: Patterns of type ‘[int]’ not matched: []
    |
196 |  where (y:ys) = cycle xs
    |        ^^^^^^^^^^^^^^^^^
Installing library in /home/lattila/.stack/snapshots/x86_64-linux-tinfo6/40e47e10f0191283dbe10949a59de58fa34f40ad74111c8e78ed13c4ef6df684/9.2.5/lib/x86_64-linux-ghc-9.2.5/primes-0.2.1.0-4FlmqGEB4JCDXui124fQpB
Registering library for primes-0.2.1.0..
